<?xml version="1.0" encoding="utf-8" standalone="no"?>
<!--This file represents the results of running a test suite-->
<test-results name="C:\depot_git\Turtles\test\Turtles.Test.dll" total="8" errors="0" failures="0" not-run="0" inconclusive="0" ignored="0" skipped="0" invalid="0" date="2015-01-11" time="18:22:57">
  <environment nunit-version="2.6.3.13283" clr-version="2.0.50727.8009" os-version="Microsoft Windows NT 6.2.9200.0" platform="Win32NT" cwd="C:\depot_git\Turtles" machine-name="KONSULE-SG2EPLI" user="beb" user-domain="CX" />
  <culture-info current-culture="nb-NO" current-uiculture="en-US" />
  <test-suite type="Assembly" name="C:\depot_git\Turtles\test\Turtles.Test.dll" executed="True" result="Success" success="True" time="0.730" asserts="0">
    <results>
      <test-suite type="Namespace" name="Turtles" executed="True" result="Success" success="True" time="0.717" asserts="0">
        <results>
          <test-suite type="TestFixture" name="Test" executed="True" result="Success" success="True" time="0.714" asserts="0">
            <results>
              <test-case name="Turtles.Test.A simple turtle should turn around no matter what the turning angle is" executed="True" result="Success" success="True" time="0.182" asserts="0" />
              <test-case name="Turtles.Test.Given any location and heading moving 60 degrees and forward 6 times end up in same location to three digits" executed="True" result="Success" success="True" time="0.158" asserts="0" />
              <test-case name="Turtles.Test.Given any location and heading moving 90 degrees and forward 4 times end up in same location to three digits" executed="True" result="Success" success="True" time="0.021" asserts="0" />
              <test-case name="Turtles.Test.Given any location, heading 0 moving 90 degrees and forward 4 times end up in same location" executed="True" result="Success" success="True" time="0.019" asserts="0" />
              <test-case name="Turtles.Test.Moving 360n + 180 should move in opposite direction" executed="True" result="Success" success="True" time="0.002" asserts="0" />
              <test-case name="Turtles.Test.Moving a multiple of 360 should move forward the same" executed="True" result="Success" success="True" time="0.001" asserts="0" />
              <test-case name="Turtles.Test.Turning, moving, turning double the other way and then moving should leave y zero" executed="True" result="Success" success="True" time="0.018" asserts="0" />
              <test-case name="Turtles.Test.Turning, moving, turning the other way and then moving then turning then moving should leave y zero" executed="True" result="Success" success="True" time="0.007" asserts="0" />
            </results>
          </test-suite>
        </results>
      </test-suite>
    </results>
  </test-suite>
</test-results>